<?xml version="1.0" encoding="UTF-8"?>
<!-- Generated by org.testng.reporters.JUnitXMLReporter -->
<testsuite hostname="LAPTOP-957TLD2B" ignored="5" name="Default test" tests="1" failures="0" timestamp="2021-11-18T21:56:00 IST" time="14.335" errors="0">
  <testcase name="chkBox" time="7.492" classname="TestNGmodule.TestNG.CodilityPractice1"/>
  <testcase name="validateTitle" time="0.0" classname="TestNGmodule.TestNG.CodilityPractice1">
    <ignored/>
  </testcase> <!-- validateTitle -->
  <testcase name="resultP" time="0.0" classname="TestNGmodule.TestNG.CodilityPractice1">
    <ignored/>
  </testcase> <!-- resultP -->
  <testcase name="usernameDisplay" time="0.0" classname="TestNGmodule.TestNG.CodilityPractice1">
    <ignored/>
  </testcase> <!-- usernameDisplay -->
  <testcase name="result" time="0.0" classname="TestNGmodule.TestNG.CodilityPractice1">
    <ignored/>
  </testcase> <!-- result -->
  <testcase name="vLoginPanel" time="0.0" classname="TestNGmodule.TestNG.CodilityPractice1">
    <ignored/>
  </testcase> <!-- vLoginPanel -->
</testsuite> <!-- Default test -->
