<?xml version="1.0" encoding="UTF-8"?>
<testng-results skipped="0" failed="0" ignored="5" total="6" passed="1">
  <reporter-output>
  </reporter-output>
  <suite name="Default suite" duration-ms="14335" started-at="2021-11-18T21:55:45 IST" finished-at="2021-11-18T21:56:00 IST">
    <groups>
    </groups>
    <test name="Default test" duration-ms="14335" started-at="2021-11-18T21:55:45 IST" finished-at="2021-11-18T21:56:00 IST">
      <class name="TestNGmodule.TestNG.CodilityPractice1">
        <test-method status="PASS" signature="setup()[pri:0, instance:TestNGmodule.TestNG.CodilityPractice1@305fd85d]" name="setup" is-config="true" duration-ms="6131" started-at="2021-11-18T21:55:45 IST" finished-at="2021-11-18T21:55:52 IST">
          <reporter-output>
          </reporter-output>
        </test-method> <!-- setup -->
        <test-method status="PASS" signature="chkBox()[pri:6, instance:TestNGmodule.TestNG.CodilityPractice1@305fd85d]" name="chkBox" duration-ms="7492" started-at="2021-11-18T21:55:52 IST" finished-at="2021-11-18T21:55:59 IST">
          <reporter-output>
          </reporter-output>
        </test-method> <!-- chkBox -->
        <test-method status="PASS" signature="afterMethod()[pri:0, instance:TestNGmodule.TestNG.CodilityPractice1@305fd85d]" name="afterMethod" is-config="true" duration-ms="674" started-at="2021-11-18T21:55:59 IST" finished-at="2021-11-18T21:56:00 IST">
          <reporter-output>
          </reporter-output>
        </test-method> <!-- afterMethod -->
      </class> <!-- TestNGmodule.TestNG.CodilityPractice1 -->
    </test> <!-- Default test -->
  </suite> <!-- Default suite -->
</testng-results>
